[2024-09-16T18:11:37.932+0000] {processor.py:157} INFO - Started process (PID=163) to work on /opt/airflow/dags/mysql_aggregation_dag.py
[2024-09-16T18:11:37.933+0000] {processor.py:826} INFO - Processing file /opt/airflow/dags/mysql_aggregation_dag.py for tasks to queue
[2024-09-16T18:11:37.934+0000] {logging_mixin.py:149} INFO - [2024-09-16T18:11:37.934+0000] {dagbag.py:541} INFO - Filling up the DagBag from /opt/airflow/dags/mysql_aggregation_dag.py
[2024-09-16T18:11:38.021+0000] {processor.py:836} INFO - DAG(s) dict_keys(['mysql_aggregation_dag']) retrieved from /opt/airflow/dags/mysql_aggregation_dag.py
[2024-09-16T18:11:38.261+0000] {logging_mixin.py:149} INFO - [2024-09-16T18:11:38.261+0000] {manager.py:504} INFO - Created Permission View: can edit on DAG:mysql_aggregation_dag
[2024-09-16T18:11:38.269+0000] {logging_mixin.py:149} INFO - [2024-09-16T18:11:38.269+0000] {manager.py:504} INFO - Created Permission View: can delete on DAG:mysql_aggregation_dag
[2024-09-16T18:11:38.276+0000] {logging_mixin.py:149} INFO - [2024-09-16T18:11:38.276+0000] {manager.py:504} INFO - Created Permission View: can read on DAG:mysql_aggregation_dag
[2024-09-16T18:11:38.277+0000] {logging_mixin.py:149} INFO - [2024-09-16T18:11:38.276+0000] {dag.py:2726} INFO - Sync 1 DAGs
[2024-09-16T18:11:38.291+0000] {logging_mixin.py:149} INFO - [2024-09-16T18:11:38.291+0000] {dag.py:2747} INFO - Creating ORM DAG for mysql_aggregation_dag
[2024-09-16T18:11:38.303+0000] {logging_mixin.py:149} INFO - [2024-09-16T18:11:38.303+0000] {dag.py:3490} INFO - Setting next_dagrun for mysql_aggregation_dag to 2025-01-01T00:00:00+00:00, run_after=2025-01-02T00:00:00+00:00
[2024-09-16T18:11:38.321+0000] {processor.py:179} INFO - Processing /opt/airflow/dags/mysql_aggregation_dag.py took 0.393 seconds
[2024-09-16T18:12:08.456+0000] {processor.py:157} INFO - Started process (PID=169) to work on /opt/airflow/dags/mysql_aggregation_dag.py
[2024-09-16T18:12:08.457+0000] {processor.py:826} INFO - Processing file /opt/airflow/dags/mysql_aggregation_dag.py for tasks to queue
[2024-09-16T18:12:08.458+0000] {logging_mixin.py:149} INFO - [2024-09-16T18:12:08.458+0000] {dagbag.py:541} INFO - Filling up the DagBag from /opt/airflow/dags/mysql_aggregation_dag.py
[2024-09-16T18:12:08.488+0000] {processor.py:836} INFO - DAG(s) dict_keys(['mysql_aggregation_dag']) retrieved from /opt/airflow/dags/mysql_aggregation_dag.py
[2024-09-16T18:12:08.528+0000] {logging_mixin.py:149} INFO - [2024-09-16T18:12:08.528+0000] {dag.py:2726} INFO - Sync 1 DAGs
[2024-09-16T18:12:08.556+0000] {logging_mixin.py:149} INFO - [2024-09-16T18:12:08.556+0000] {dag.py:3490} INFO - Setting next_dagrun for mysql_aggregation_dag to 2025-01-01T00:00:00+00:00, run_after=2025-01-02T00:00:00+00:00
[2024-09-16T18:12:08.578+0000] {processor.py:179} INFO - Processing /opt/airflow/dags/mysql_aggregation_dag.py took 0.126 seconds
[2024-09-16T18:12:38.723+0000] {processor.py:157} INFO - Started process (PID=174) to work on /opt/airflow/dags/mysql_aggregation_dag.py
[2024-09-16T18:12:38.725+0000] {processor.py:826} INFO - Processing file /opt/airflow/dags/mysql_aggregation_dag.py for tasks to queue
[2024-09-16T18:12:38.726+0000] {logging_mixin.py:149} INFO - [2024-09-16T18:12:38.726+0000] {dagbag.py:541} INFO - Filling up the DagBag from /opt/airflow/dags/mysql_aggregation_dag.py
[2024-09-16T18:12:38.763+0000] {processor.py:836} INFO - DAG(s) dict_keys(['mysql_aggregation_dag']) retrieved from /opt/airflow/dags/mysql_aggregation_dag.py
[2024-09-16T18:12:38.810+0000] {logging_mixin.py:149} INFO - [2024-09-16T18:12:38.809+0000] {dag.py:2726} INFO - Sync 1 DAGs
[2024-09-16T18:12:38.846+0000] {logging_mixin.py:149} INFO - [2024-09-16T18:12:38.846+0000] {dag.py:3490} INFO - Setting next_dagrun for mysql_aggregation_dag to 2025-01-01T00:00:00+00:00, run_after=2025-01-02T00:00:00+00:00
[2024-09-16T18:12:38.870+0000] {processor.py:179} INFO - Processing /opt/airflow/dags/mysql_aggregation_dag.py took 0.163 seconds
[2024-09-16T18:13:08.998+0000] {processor.py:157} INFO - Started process (PID=179) to work on /opt/airflow/dags/mysql_aggregation_dag.py
[2024-09-16T18:13:08.999+0000] {processor.py:826} INFO - Processing file /opt/airflow/dags/mysql_aggregation_dag.py for tasks to queue
[2024-09-16T18:13:09.000+0000] {logging_mixin.py:149} INFO - [2024-09-16T18:13:09.000+0000] {dagbag.py:541} INFO - Filling up the DagBag from /opt/airflow/dags/mysql_aggregation_dag.py
[2024-09-16T18:13:09.019+0000] {processor.py:836} INFO - DAG(s) dict_keys(['mysql_aggregation_dag']) retrieved from /opt/airflow/dags/mysql_aggregation_dag.py
[2024-09-16T18:13:09.050+0000] {logging_mixin.py:149} INFO - [2024-09-16T18:13:09.050+0000] {dag.py:2726} INFO - Sync 1 DAGs
[2024-09-16T18:13:09.081+0000] {logging_mixin.py:149} INFO - [2024-09-16T18:13:09.081+0000] {dag.py:3490} INFO - Setting next_dagrun for mysql_aggregation_dag to 2025-01-01T00:00:00+00:00, run_after=2025-01-02T00:00:00+00:00
[2024-09-16T18:13:09.103+0000] {processor.py:179} INFO - Processing /opt/airflow/dags/mysql_aggregation_dag.py took 0.109 seconds
[2024-09-16T18:13:39.129+0000] {processor.py:157} INFO - Started process (PID=184) to work on /opt/airflow/dags/mysql_aggregation_dag.py
[2024-09-16T18:13:39.130+0000] {processor.py:826} INFO - Processing file /opt/airflow/dags/mysql_aggregation_dag.py for tasks to queue
[2024-09-16T18:13:39.131+0000] {logging_mixin.py:149} INFO - [2024-09-16T18:13:39.130+0000] {dagbag.py:541} INFO - Filling up the DagBag from /opt/airflow/dags/mysql_aggregation_dag.py
[2024-09-16T18:13:39.149+0000] {processor.py:836} INFO - DAG(s) dict_keys(['mysql_aggregation_dag']) retrieved from /opt/airflow/dags/mysql_aggregation_dag.py
[2024-09-16T18:13:39.177+0000] {logging_mixin.py:149} INFO - [2024-09-16T18:13:39.177+0000] {dag.py:2726} INFO - Sync 1 DAGs
[2024-09-16T18:13:39.200+0000] {logging_mixin.py:149} INFO - [2024-09-16T18:13:39.200+0000] {dag.py:3490} INFO - Setting next_dagrun for mysql_aggregation_dag to 2025-01-01T00:00:00+00:00, run_after=2025-01-02T00:00:00+00:00
[2024-09-16T18:13:39.217+0000] {processor.py:179} INFO - Processing /opt/airflow/dags/mysql_aggregation_dag.py took 0.091 seconds
[2024-09-16T18:14:09.263+0000] {processor.py:157} INFO - Started process (PID=189) to work on /opt/airflow/dags/mysql_aggregation_dag.py
[2024-09-16T18:14:09.264+0000] {processor.py:826} INFO - Processing file /opt/airflow/dags/mysql_aggregation_dag.py for tasks to queue
[2024-09-16T18:14:09.264+0000] {logging_mixin.py:149} INFO - [2024-09-16T18:14:09.264+0000] {dagbag.py:541} INFO - Filling up the DagBag from /opt/airflow/dags/mysql_aggregation_dag.py
[2024-09-16T18:14:09.296+0000] {processor.py:836} INFO - DAG(s) dict_keys(['mysql_aggregation_dag']) retrieved from /opt/airflow/dags/mysql_aggregation_dag.py
[2024-09-16T18:14:09.325+0000] {logging_mixin.py:149} INFO - [2024-09-16T18:14:09.325+0000] {dag.py:2726} INFO - Sync 1 DAGs
[2024-09-16T18:14:09.352+0000] {logging_mixin.py:149} INFO - [2024-09-16T18:14:09.352+0000] {dag.py:3490} INFO - Setting next_dagrun for mysql_aggregation_dag to 2025-01-01T00:00:00+00:00, run_after=2025-01-02T00:00:00+00:00
[2024-09-16T18:14:09.370+0000] {processor.py:179} INFO - Processing /opt/airflow/dags/mysql_aggregation_dag.py took 0.111 seconds
[2024-09-16T18:14:39.513+0000] {processor.py:157} INFO - Started process (PID=194) to work on /opt/airflow/dags/mysql_aggregation_dag.py
[2024-09-16T18:14:39.514+0000] {processor.py:826} INFO - Processing file /opt/airflow/dags/mysql_aggregation_dag.py for tasks to queue
[2024-09-16T18:14:39.514+0000] {logging_mixin.py:149} INFO - [2024-09-16T18:14:39.514+0000] {dagbag.py:541} INFO - Filling up the DagBag from /opt/airflow/dags/mysql_aggregation_dag.py
[2024-09-16T18:14:39.537+0000] {processor.py:836} INFO - DAG(s) dict_keys(['mysql_aggregation_dag']) retrieved from /opt/airflow/dags/mysql_aggregation_dag.py
[2024-09-16T18:14:39.567+0000] {logging_mixin.py:149} INFO - [2024-09-16T18:14:39.567+0000] {dag.py:2726} INFO - Sync 1 DAGs
[2024-09-16T18:14:39.590+0000] {logging_mixin.py:149} INFO - [2024-09-16T18:14:39.590+0000] {dag.py:3490} INFO - Setting next_dagrun for mysql_aggregation_dag to 2025-01-01T00:00:00+00:00, run_after=2025-01-02T00:00:00+00:00
[2024-09-16T18:14:39.606+0000] {processor.py:179} INFO - Processing /opt/airflow/dags/mysql_aggregation_dag.py took 0.096 seconds
[2024-09-16T18:15:09.655+0000] {processor.py:157} INFO - Started process (PID=199) to work on /opt/airflow/dags/mysql_aggregation_dag.py
[2024-09-16T18:15:09.656+0000] {processor.py:826} INFO - Processing file /opt/airflow/dags/mysql_aggregation_dag.py for tasks to queue
[2024-09-16T18:15:09.656+0000] {logging_mixin.py:149} INFO - [2024-09-16T18:15:09.656+0000] {dagbag.py:541} INFO - Filling up the DagBag from /opt/airflow/dags/mysql_aggregation_dag.py
[2024-09-16T18:15:09.677+0000] {processor.py:836} INFO - DAG(s) dict_keys(['mysql_aggregation_dag']) retrieved from /opt/airflow/dags/mysql_aggregation_dag.py
[2024-09-16T18:15:09.704+0000] {logging_mixin.py:149} INFO - [2024-09-16T18:15:09.704+0000] {dag.py:2726} INFO - Sync 1 DAGs
[2024-09-16T18:15:09.730+0000] {logging_mixin.py:149} INFO - [2024-09-16T18:15:09.730+0000] {dag.py:3490} INFO - Setting next_dagrun for mysql_aggregation_dag to 2025-01-01T00:00:00+00:00, run_after=2025-01-02T00:00:00+00:00
[2024-09-16T18:15:09.750+0000] {processor.py:179} INFO - Processing /opt/airflow/dags/mysql_aggregation_dag.py took 0.099 seconds
[2024-09-16T18:15:39.863+0000] {processor.py:157} INFO - Started process (PID=204) to work on /opt/airflow/dags/mysql_aggregation_dag.py
[2024-09-16T18:15:39.863+0000] {processor.py:826} INFO - Processing file /opt/airflow/dags/mysql_aggregation_dag.py for tasks to queue
[2024-09-16T18:15:39.864+0000] {logging_mixin.py:149} INFO - [2024-09-16T18:15:39.864+0000] {dagbag.py:541} INFO - Filling up the DagBag from /opt/airflow/dags/mysql_aggregation_dag.py
[2024-09-16T18:15:39.884+0000] {processor.py:836} INFO - DAG(s) dict_keys(['mysql_aggregation_dag']) retrieved from /opt/airflow/dags/mysql_aggregation_dag.py
[2024-09-16T18:15:39.910+0000] {logging_mixin.py:149} INFO - [2024-09-16T18:15:39.910+0000] {dag.py:2726} INFO - Sync 1 DAGs
[2024-09-16T18:15:39.936+0000] {logging_mixin.py:149} INFO - [2024-09-16T18:15:39.936+0000] {dag.py:3490} INFO - Setting next_dagrun for mysql_aggregation_dag to 2025-01-01T00:00:00+00:00, run_after=2025-01-02T00:00:00+00:00
[2024-09-16T18:15:39.957+0000] {processor.py:179} INFO - Processing /opt/airflow/dags/mysql_aggregation_dag.py took 0.098 seconds
[2024-09-16T18:16:10.041+0000] {processor.py:157} INFO - Started process (PID=209) to work on /opt/airflow/dags/mysql_aggregation_dag.py
[2024-09-16T18:16:10.042+0000] {processor.py:826} INFO - Processing file /opt/airflow/dags/mysql_aggregation_dag.py for tasks to queue
[2024-09-16T18:16:10.044+0000] {logging_mixin.py:149} INFO - [2024-09-16T18:16:10.043+0000] {dagbag.py:541} INFO - Filling up the DagBag from /opt/airflow/dags/mysql_aggregation_dag.py
[2024-09-16T18:16:10.077+0000] {processor.py:836} INFO - DAG(s) dict_keys(['mysql_aggregation_dag']) retrieved from /opt/airflow/dags/mysql_aggregation_dag.py
[2024-09-16T18:16:10.104+0000] {logging_mixin.py:149} INFO - [2024-09-16T18:16:10.104+0000] {dag.py:2726} INFO - Sync 1 DAGs
[2024-09-16T18:16:10.130+0000] {logging_mixin.py:149} INFO - [2024-09-16T18:16:10.129+0000] {dag.py:3490} INFO - Setting next_dagrun for mysql_aggregation_dag to 2025-01-01T00:00:00+00:00, run_after=2025-01-02T00:00:00+00:00
[2024-09-16T18:16:10.148+0000] {processor.py:179} INFO - Processing /opt/airflow/dags/mysql_aggregation_dag.py took 0.120 seconds
[2024-09-16T18:16:40.241+0000] {processor.py:157} INFO - Started process (PID=214) to work on /opt/airflow/dags/mysql_aggregation_dag.py
[2024-09-16T18:16:40.242+0000] {processor.py:826} INFO - Processing file /opt/airflow/dags/mysql_aggregation_dag.py for tasks to queue
[2024-09-16T18:16:40.243+0000] {logging_mixin.py:149} INFO - [2024-09-16T18:16:40.243+0000] {dagbag.py:541} INFO - Filling up the DagBag from /opt/airflow/dags/mysql_aggregation_dag.py
[2024-09-16T18:16:40.264+0000] {processor.py:836} INFO - DAG(s) dict_keys(['mysql_aggregation_dag']) retrieved from /opt/airflow/dags/mysql_aggregation_dag.py
[2024-09-16T18:16:40.295+0000] {logging_mixin.py:149} INFO - [2024-09-16T18:16:40.295+0000] {dag.py:2726} INFO - Sync 1 DAGs
[2024-09-16T18:16:40.339+0000] {logging_mixin.py:149} INFO - [2024-09-16T18:16:40.338+0000] {dag.py:3490} INFO - Setting next_dagrun for mysql_aggregation_dag to 2025-01-01T00:00:00+00:00, run_after=2025-01-02T00:00:00+00:00
[2024-09-16T18:16:40.364+0000] {processor.py:179} INFO - Processing /opt/airflow/dags/mysql_aggregation_dag.py took 0.127 seconds
[2024-09-16T18:17:10.420+0000] {processor.py:157} INFO - Started process (PID=219) to work on /opt/airflow/dags/mysql_aggregation_dag.py
[2024-09-16T18:17:10.422+0000] {processor.py:826} INFO - Processing file /opt/airflow/dags/mysql_aggregation_dag.py for tasks to queue
[2024-09-16T18:17:10.423+0000] {logging_mixin.py:149} INFO - [2024-09-16T18:17:10.423+0000] {dagbag.py:541} INFO - Filling up the DagBag from /opt/airflow/dags/mysql_aggregation_dag.py
[2024-09-16T18:17:10.451+0000] {processor.py:836} INFO - DAG(s) dict_keys(['mysql_aggregation_dag']) retrieved from /opt/airflow/dags/mysql_aggregation_dag.py
[2024-09-16T18:17:10.489+0000] {logging_mixin.py:149} INFO - [2024-09-16T18:17:10.489+0000] {dag.py:2726} INFO - Sync 1 DAGs
[2024-09-16T18:17:10.526+0000] {logging_mixin.py:149} INFO - [2024-09-16T18:17:10.525+0000] {dag.py:3490} INFO - Setting next_dagrun for mysql_aggregation_dag to 2025-01-01T00:00:00+00:00, run_after=2025-01-02T00:00:00+00:00
[2024-09-16T18:17:10.551+0000] {processor.py:179} INFO - Processing /opt/airflow/dags/mysql_aggregation_dag.py took 0.136 seconds
[2024-09-16T18:17:40.642+0000] {processor.py:157} INFO - Started process (PID=224) to work on /opt/airflow/dags/mysql_aggregation_dag.py
[2024-09-16T18:17:40.643+0000] {processor.py:826} INFO - Processing file /opt/airflow/dags/mysql_aggregation_dag.py for tasks to queue
[2024-09-16T18:17:40.644+0000] {logging_mixin.py:149} INFO - [2024-09-16T18:17:40.644+0000] {dagbag.py:541} INFO - Filling up the DagBag from /opt/airflow/dags/mysql_aggregation_dag.py
[2024-09-16T18:17:40.678+0000] {processor.py:836} INFO - DAG(s) dict_keys(['mysql_aggregation_dag']) retrieved from /opt/airflow/dags/mysql_aggregation_dag.py
[2024-09-16T18:17:40.727+0000] {logging_mixin.py:149} INFO - [2024-09-16T18:17:40.726+0000] {dag.py:2726} INFO - Sync 1 DAGs
[2024-09-16T18:17:40.768+0000] {logging_mixin.py:149} INFO - [2024-09-16T18:17:40.768+0000] {dag.py:3490} INFO - Setting next_dagrun for mysql_aggregation_dag to 2025-01-01T00:00:00+00:00, run_after=2025-01-02T00:00:00+00:00
[2024-09-16T18:17:40.802+0000] {processor.py:179} INFO - Processing /opt/airflow/dags/mysql_aggregation_dag.py took 0.165 seconds
[2024-09-16T18:18:10.853+0000] {processor.py:157} INFO - Started process (PID=229) to work on /opt/airflow/dags/mysql_aggregation_dag.py
[2024-09-16T18:18:10.854+0000] {processor.py:826} INFO - Processing file /opt/airflow/dags/mysql_aggregation_dag.py for tasks to queue
[2024-09-16T18:18:10.855+0000] {logging_mixin.py:149} INFO - [2024-09-16T18:18:10.854+0000] {dagbag.py:541} INFO - Filling up the DagBag from /opt/airflow/dags/mysql_aggregation_dag.py
[2024-09-16T18:18:10.878+0000] {processor.py:836} INFO - DAG(s) dict_keys(['mysql_aggregation_dag']) retrieved from /opt/airflow/dags/mysql_aggregation_dag.py
[2024-09-16T18:18:10.912+0000] {logging_mixin.py:149} INFO - [2024-09-16T18:18:10.912+0000] {dag.py:2726} INFO - Sync 1 DAGs
[2024-09-16T18:18:10.942+0000] {logging_mixin.py:149} INFO - [2024-09-16T18:18:10.942+0000] {dag.py:3490} INFO - Setting next_dagrun for mysql_aggregation_dag to 2025-01-01T00:00:00+00:00, run_after=2025-01-02T00:00:00+00:00
[2024-09-16T18:18:10.964+0000] {processor.py:179} INFO - Processing /opt/airflow/dags/mysql_aggregation_dag.py took 0.115 seconds
[2024-09-16T18:18:41.102+0000] {processor.py:157} INFO - Started process (PID=234) to work on /opt/airflow/dags/mysql_aggregation_dag.py
[2024-09-16T18:18:41.104+0000] {processor.py:826} INFO - Processing file /opt/airflow/dags/mysql_aggregation_dag.py for tasks to queue
[2024-09-16T18:18:41.105+0000] {logging_mixin.py:149} INFO - [2024-09-16T18:18:41.104+0000] {dagbag.py:541} INFO - Filling up the DagBag from /opt/airflow/dags/mysql_aggregation_dag.py
[2024-09-16T18:18:41.138+0000] {processor.py:836} INFO - DAG(s) dict_keys(['mysql_aggregation_dag']) retrieved from /opt/airflow/dags/mysql_aggregation_dag.py
[2024-09-16T18:18:41.181+0000] {logging_mixin.py:149} INFO - [2024-09-16T18:18:41.181+0000] {dag.py:2726} INFO - Sync 1 DAGs
[2024-09-16T18:18:41.217+0000] {logging_mixin.py:149} INFO - [2024-09-16T18:18:41.217+0000] {dag.py:3490} INFO - Setting next_dagrun for mysql_aggregation_dag to 2025-01-01T00:00:00+00:00, run_after=2025-01-02T00:00:00+00:00
[2024-09-16T18:18:41.249+0000] {processor.py:179} INFO - Processing /opt/airflow/dags/mysql_aggregation_dag.py took 0.151 seconds
[2024-09-16T18:19:11.415+0000] {processor.py:157} INFO - Started process (PID=239) to work on /opt/airflow/dags/mysql_aggregation_dag.py
[2024-09-16T18:19:11.416+0000] {processor.py:826} INFO - Processing file /opt/airflow/dags/mysql_aggregation_dag.py for tasks to queue
[2024-09-16T18:19:11.417+0000] {logging_mixin.py:149} INFO - [2024-09-16T18:19:11.417+0000] {dagbag.py:541} INFO - Filling up the DagBag from /opt/airflow/dags/mysql_aggregation_dag.py
[2024-09-16T18:19:11.448+0000] {processor.py:836} INFO - DAG(s) dict_keys(['mysql_aggregation_dag']) retrieved from /opt/airflow/dags/mysql_aggregation_dag.py
[2024-09-16T18:19:11.488+0000] {logging_mixin.py:149} INFO - [2024-09-16T18:19:11.488+0000] {dag.py:2726} INFO - Sync 1 DAGs
[2024-09-16T18:19:11.528+0000] {logging_mixin.py:149} INFO - [2024-09-16T18:19:11.528+0000] {dag.py:3490} INFO - Setting next_dagrun for mysql_aggregation_dag to 2025-01-01T00:00:00+00:00, run_after=2025-01-02T00:00:00+00:00
[2024-09-16T18:19:11.556+0000] {processor.py:179} INFO - Processing /opt/airflow/dags/mysql_aggregation_dag.py took 0.146 seconds
[2024-09-16T18:19:41.695+0000] {processor.py:157} INFO - Started process (PID=244) to work on /opt/airflow/dags/mysql_aggregation_dag.py
[2024-09-16T18:19:41.696+0000] {processor.py:826} INFO - Processing file /opt/airflow/dags/mysql_aggregation_dag.py for tasks to queue
[2024-09-16T18:19:41.697+0000] {logging_mixin.py:149} INFO - [2024-09-16T18:19:41.697+0000] {dagbag.py:541} INFO - Filling up the DagBag from /opt/airflow/dags/mysql_aggregation_dag.py
[2024-09-16T18:19:41.720+0000] {processor.py:836} INFO - DAG(s) dict_keys(['mysql_aggregation_dag']) retrieved from /opt/airflow/dags/mysql_aggregation_dag.py
[2024-09-16T18:19:41.751+0000] {logging_mixin.py:149} INFO - [2024-09-16T18:19:41.750+0000] {dag.py:2726} INFO - Sync 1 DAGs
[2024-09-16T18:19:41.776+0000] {logging_mixin.py:149} INFO - [2024-09-16T18:19:41.776+0000] {dag.py:3490} INFO - Setting next_dagrun for mysql_aggregation_dag to 2025-01-01T00:00:00+00:00, run_after=2025-01-02T00:00:00+00:00
[2024-09-16T18:19:41.794+0000] {processor.py:179} INFO - Processing /opt/airflow/dags/mysql_aggregation_dag.py took 0.105 seconds
[2024-09-16T18:20:11.824+0000] {processor.py:157} INFO - Started process (PID=249) to work on /opt/airflow/dags/mysql_aggregation_dag.py
[2024-09-16T18:20:11.826+0000] {processor.py:826} INFO - Processing file /opt/airflow/dags/mysql_aggregation_dag.py for tasks to queue
[2024-09-16T18:20:11.827+0000] {logging_mixin.py:149} INFO - [2024-09-16T18:20:11.827+0000] {dagbag.py:541} INFO - Filling up the DagBag from /opt/airflow/dags/mysql_aggregation_dag.py
[2024-09-16T18:20:11.856+0000] {processor.py:836} INFO - DAG(s) dict_keys(['mysql_aggregation_dag']) retrieved from /opt/airflow/dags/mysql_aggregation_dag.py
[2024-09-16T18:20:11.890+0000] {logging_mixin.py:149} INFO - [2024-09-16T18:20:11.890+0000] {dag.py:2726} INFO - Sync 1 DAGs
[2024-09-16T18:20:11.915+0000] {logging_mixin.py:149} INFO - [2024-09-16T18:20:11.915+0000] {dag.py:3490} INFO - Setting next_dagrun for mysql_aggregation_dag to 2025-01-01T00:00:00+00:00, run_after=2025-01-02T00:00:00+00:00
[2024-09-16T18:20:11.932+0000] {processor.py:179} INFO - Processing /opt/airflow/dags/mysql_aggregation_dag.py took 0.113 seconds
[2024-09-16T18:20:42.081+0000] {processor.py:157} INFO - Started process (PID=254) to work on /opt/airflow/dags/mysql_aggregation_dag.py
[2024-09-16T18:20:42.083+0000] {processor.py:826} INFO - Processing file /opt/airflow/dags/mysql_aggregation_dag.py for tasks to queue
[2024-09-16T18:20:42.083+0000] {logging_mixin.py:149} INFO - [2024-09-16T18:20:42.083+0000] {dagbag.py:541} INFO - Filling up the DagBag from /opt/airflow/dags/mysql_aggregation_dag.py
[2024-09-16T18:20:42.102+0000] {processor.py:836} INFO - DAG(s) dict_keys(['mysql_aggregation_dag']) retrieved from /opt/airflow/dags/mysql_aggregation_dag.py
[2024-09-16T18:20:42.129+0000] {logging_mixin.py:149} INFO - [2024-09-16T18:20:42.129+0000] {dag.py:2726} INFO - Sync 1 DAGs
[2024-09-16T18:20:42.153+0000] {logging_mixin.py:149} INFO - [2024-09-16T18:20:42.152+0000] {dag.py:3490} INFO - Setting next_dagrun for mysql_aggregation_dag to 2025-01-01T00:00:00+00:00, run_after=2025-01-02T00:00:00+00:00
[2024-09-16T18:20:42.168+0000] {processor.py:179} INFO - Processing /opt/airflow/dags/mysql_aggregation_dag.py took 0.090 seconds
[2024-09-16T18:21:12.289+0000] {processor.py:157} INFO - Started process (PID=259) to work on /opt/airflow/dags/mysql_aggregation_dag.py
[2024-09-16T18:21:12.290+0000] {processor.py:826} INFO - Processing file /opt/airflow/dags/mysql_aggregation_dag.py for tasks to queue
[2024-09-16T18:21:12.291+0000] {logging_mixin.py:149} INFO - [2024-09-16T18:21:12.291+0000] {dagbag.py:541} INFO - Filling up the DagBag from /opt/airflow/dags/mysql_aggregation_dag.py
[2024-09-16T18:21:12.310+0000] {processor.py:836} INFO - DAG(s) dict_keys(['mysql_aggregation_dag']) retrieved from /opt/airflow/dags/mysql_aggregation_dag.py
[2024-09-16T18:21:12.337+0000] {logging_mixin.py:149} INFO - [2024-09-16T18:21:12.337+0000] {dag.py:2726} INFO - Sync 1 DAGs
[2024-09-16T18:21:12.362+0000] {logging_mixin.py:149} INFO - [2024-09-16T18:21:12.362+0000] {dag.py:3490} INFO - Setting next_dagrun for mysql_aggregation_dag to 2025-01-01T00:00:00+00:00, run_after=2025-01-02T00:00:00+00:00
[2024-09-16T18:21:12.379+0000] {processor.py:179} INFO - Processing /opt/airflow/dags/mysql_aggregation_dag.py took 0.093 seconds
[2024-09-16T18:21:42.462+0000] {processor.py:157} INFO - Started process (PID=264) to work on /opt/airflow/dags/mysql_aggregation_dag.py
[2024-09-16T18:21:42.462+0000] {processor.py:826} INFO - Processing file /opt/airflow/dags/mysql_aggregation_dag.py for tasks to queue
[2024-09-16T18:21:42.463+0000] {logging_mixin.py:149} INFO - [2024-09-16T18:21:42.463+0000] {dagbag.py:541} INFO - Filling up the DagBag from /opt/airflow/dags/mysql_aggregation_dag.py
[2024-09-16T18:21:42.486+0000] {processor.py:836} INFO - DAG(s) dict_keys(['mysql_aggregation_dag']) retrieved from /opt/airflow/dags/mysql_aggregation_dag.py
[2024-09-16T18:21:42.515+0000] {logging_mixin.py:149} INFO - [2024-09-16T18:21:42.515+0000] {dag.py:2726} INFO - Sync 1 DAGs
[2024-09-16T18:21:42.539+0000] {logging_mixin.py:149} INFO - [2024-09-16T18:21:42.539+0000] {dag.py:3490} INFO - Setting next_dagrun for mysql_aggregation_dag to 2025-01-01T00:00:00+00:00, run_after=2025-01-02T00:00:00+00:00
[2024-09-16T18:21:42.556+0000] {processor.py:179} INFO - Processing /opt/airflow/dags/mysql_aggregation_dag.py took 0.098 seconds
[2024-09-16T18:22:12.661+0000] {processor.py:157} INFO - Started process (PID=269) to work on /opt/airflow/dags/mysql_aggregation_dag.py
[2024-09-16T18:22:12.662+0000] {processor.py:826} INFO - Processing file /opt/airflow/dags/mysql_aggregation_dag.py for tasks to queue
[2024-09-16T18:22:12.663+0000] {logging_mixin.py:149} INFO - [2024-09-16T18:22:12.663+0000] {dagbag.py:541} INFO - Filling up the DagBag from /opt/airflow/dags/mysql_aggregation_dag.py
[2024-09-16T18:22:12.687+0000] {processor.py:836} INFO - DAG(s) dict_keys(['mysql_aggregation_dag']) retrieved from /opt/airflow/dags/mysql_aggregation_dag.py
[2024-09-16T18:22:12.717+0000] {logging_mixin.py:149} INFO - [2024-09-16T18:22:12.717+0000] {dag.py:2726} INFO - Sync 1 DAGs
[2024-09-16T18:22:12.746+0000] {logging_mixin.py:149} INFO - [2024-09-16T18:22:12.746+0000] {dag.py:3490} INFO - Setting next_dagrun for mysql_aggregation_dag to 2025-01-01T00:00:00+00:00, run_after=2025-01-02T00:00:00+00:00
[2024-09-16T18:22:12.765+0000] {processor.py:179} INFO - Processing /opt/airflow/dags/mysql_aggregation_dag.py took 0.107 seconds
[2024-09-16T18:22:42.830+0000] {processor.py:157} INFO - Started process (PID=274) to work on /opt/airflow/dags/mysql_aggregation_dag.py
[2024-09-16T18:22:42.831+0000] {processor.py:826} INFO - Processing file /opt/airflow/dags/mysql_aggregation_dag.py for tasks to queue
[2024-09-16T18:22:42.832+0000] {logging_mixin.py:149} INFO - [2024-09-16T18:22:42.832+0000] {dagbag.py:541} INFO - Filling up the DagBag from /opt/airflow/dags/mysql_aggregation_dag.py
[2024-09-16T18:22:42.860+0000] {processor.py:836} INFO - DAG(s) dict_keys(['mysql_aggregation_dag']) retrieved from /opt/airflow/dags/mysql_aggregation_dag.py
[2024-09-16T18:22:42.898+0000] {logging_mixin.py:149} INFO - [2024-09-16T18:22:42.897+0000] {dag.py:2726} INFO - Sync 1 DAGs
[2024-09-16T18:22:42.933+0000] {logging_mixin.py:149} INFO - [2024-09-16T18:22:42.933+0000] {dag.py:3490} INFO - Setting next_dagrun for mysql_aggregation_dag to 2025-01-01T00:00:00+00:00, run_after=2025-01-02T00:00:00+00:00
[2024-09-16T18:22:42.961+0000] {processor.py:179} INFO - Processing /opt/airflow/dags/mysql_aggregation_dag.py took 0.136 seconds
[2024-09-16T18:23:13.053+0000] {processor.py:157} INFO - Started process (PID=279) to work on /opt/airflow/dags/mysql_aggregation_dag.py
[2024-09-16T18:23:13.054+0000] {processor.py:826} INFO - Processing file /opt/airflow/dags/mysql_aggregation_dag.py for tasks to queue
[2024-09-16T18:23:13.054+0000] {logging_mixin.py:149} INFO - [2024-09-16T18:23:13.054+0000] {dagbag.py:541} INFO - Filling up the DagBag from /opt/airflow/dags/mysql_aggregation_dag.py
[2024-09-16T18:23:13.075+0000] {processor.py:836} INFO - DAG(s) dict_keys(['mysql_aggregation_dag']) retrieved from /opt/airflow/dags/mysql_aggregation_dag.py
[2024-09-16T18:23:13.103+0000] {logging_mixin.py:149} INFO - [2024-09-16T18:23:13.103+0000] {dag.py:2726} INFO - Sync 1 DAGs
[2024-09-16T18:23:13.129+0000] {logging_mixin.py:149} INFO - [2024-09-16T18:23:13.129+0000] {dag.py:3490} INFO - Setting next_dagrun for mysql_aggregation_dag to 2025-01-01T00:00:00+00:00, run_after=2025-01-02T00:00:00+00:00
[2024-09-16T18:23:13.147+0000] {processor.py:179} INFO - Processing /opt/airflow/dags/mysql_aggregation_dag.py took 0.097 seconds
[2024-09-16T18:23:43.244+0000] {processor.py:157} INFO - Started process (PID=284) to work on /opt/airflow/dags/mysql_aggregation_dag.py
[2024-09-16T18:23:43.245+0000] {processor.py:826} INFO - Processing file /opt/airflow/dags/mysql_aggregation_dag.py for tasks to queue
[2024-09-16T18:23:43.246+0000] {logging_mixin.py:149} INFO - [2024-09-16T18:23:43.246+0000] {dagbag.py:541} INFO - Filling up the DagBag from /opt/airflow/dags/mysql_aggregation_dag.py
[2024-09-16T18:23:43.267+0000] {processor.py:836} INFO - DAG(s) dict_keys(['mysql_aggregation_dag']) retrieved from /opt/airflow/dags/mysql_aggregation_dag.py
[2024-09-16T18:23:43.298+0000] {logging_mixin.py:149} INFO - [2024-09-16T18:23:43.298+0000] {dag.py:2726} INFO - Sync 1 DAGs
[2024-09-16T18:23:43.325+0000] {logging_mixin.py:149} INFO - [2024-09-16T18:23:43.325+0000] {dag.py:3490} INFO - Setting next_dagrun for mysql_aggregation_dag to 2025-01-01T00:00:00+00:00, run_after=2025-01-02T00:00:00+00:00
[2024-09-16T18:23:43.344+0000] {processor.py:179} INFO - Processing /opt/airflow/dags/mysql_aggregation_dag.py took 0.104 seconds
[2024-09-16T18:24:13.560+0000] {processor.py:157} INFO - Started process (PID=289) to work on /opt/airflow/dags/mysql_aggregation_dag.py
[2024-09-16T18:24:13.560+0000] {processor.py:826} INFO - Processing file /opt/airflow/dags/mysql_aggregation_dag.py for tasks to queue
[2024-09-16T18:24:13.561+0000] {logging_mixin.py:149} INFO - [2024-09-16T18:24:13.561+0000] {dagbag.py:541} INFO - Filling up the DagBag from /opt/airflow/dags/mysql_aggregation_dag.py
[2024-09-16T18:24:13.588+0000] {processor.py:836} INFO - DAG(s) dict_keys(['mysql_aggregation_dag']) retrieved from /opt/airflow/dags/mysql_aggregation_dag.py
[2024-09-16T18:24:13.622+0000] {logging_mixin.py:149} INFO - [2024-09-16T18:24:13.622+0000] {dag.py:2726} INFO - Sync 1 DAGs
[2024-09-16T18:24:13.652+0000] {logging_mixin.py:149} INFO - [2024-09-16T18:24:13.652+0000] {dag.py:3490} INFO - Setting next_dagrun for mysql_aggregation_dag to 2025-01-01T00:00:00+00:00, run_after=2025-01-02T00:00:00+00:00
[2024-09-16T18:24:13.671+0000] {processor.py:179} INFO - Processing /opt/airflow/dags/mysql_aggregation_dag.py took 0.115 seconds
[2024-09-16T18:24:43.706+0000] {processor.py:157} INFO - Started process (PID=294) to work on /opt/airflow/dags/mysql_aggregation_dag.py
[2024-09-16T18:24:43.707+0000] {processor.py:826} INFO - Processing file /opt/airflow/dags/mysql_aggregation_dag.py for tasks to queue
[2024-09-16T18:24:43.707+0000] {logging_mixin.py:149} INFO - [2024-09-16T18:24:43.707+0000] {dagbag.py:541} INFO - Filling up the DagBag from /opt/airflow/dags/mysql_aggregation_dag.py
[2024-09-16T18:24:43.728+0000] {processor.py:836} INFO - DAG(s) dict_keys(['mysql_aggregation_dag']) retrieved from /opt/airflow/dags/mysql_aggregation_dag.py
[2024-09-16T18:24:43.759+0000] {logging_mixin.py:149} INFO - [2024-09-16T18:24:43.759+0000] {dag.py:2726} INFO - Sync 1 DAGs
[2024-09-16T18:24:43.785+0000] {logging_mixin.py:149} INFO - [2024-09-16T18:24:43.785+0000] {dag.py:3490} INFO - Setting next_dagrun for mysql_aggregation_dag to 2025-01-01T00:00:00+00:00, run_after=2025-01-02T00:00:00+00:00
[2024-09-16T18:24:43.807+0000] {processor.py:179} INFO - Processing /opt/airflow/dags/mysql_aggregation_dag.py took 0.105 seconds
[2024-09-16T18:25:13.945+0000] {processor.py:157} INFO - Started process (PID=299) to work on /opt/airflow/dags/mysql_aggregation_dag.py
[2024-09-16T18:25:13.946+0000] {processor.py:826} INFO - Processing file /opt/airflow/dags/mysql_aggregation_dag.py for tasks to queue
[2024-09-16T18:25:13.946+0000] {logging_mixin.py:149} INFO - [2024-09-16T18:25:13.946+0000] {dagbag.py:541} INFO - Filling up the DagBag from /opt/airflow/dags/mysql_aggregation_dag.py
[2024-09-16T18:25:13.969+0000] {processor.py:836} INFO - DAG(s) dict_keys(['mysql_aggregation_dag']) retrieved from /opt/airflow/dags/mysql_aggregation_dag.py
[2024-09-16T18:25:13.998+0000] {logging_mixin.py:149} INFO - [2024-09-16T18:25:13.997+0000] {dag.py:2726} INFO - Sync 1 DAGs
[2024-09-16T18:25:14.032+0000] {logging_mixin.py:149} INFO - [2024-09-16T18:25:14.031+0000] {dag.py:3490} INFO - Setting next_dagrun for mysql_aggregation_dag to 2025-01-01T00:00:00+00:00, run_after=2025-01-02T00:00:00+00:00
[2024-09-16T18:25:14.054+0000] {processor.py:179} INFO - Processing /opt/airflow/dags/mysql_aggregation_dag.py took 0.112 seconds
[2024-09-16T18:25:44.096+0000] {processor.py:157} INFO - Started process (PID=304) to work on /opt/airflow/dags/mysql_aggregation_dag.py
[2024-09-16T18:25:44.097+0000] {processor.py:826} INFO - Processing file /opt/airflow/dags/mysql_aggregation_dag.py for tasks to queue
[2024-09-16T18:25:44.098+0000] {logging_mixin.py:149} INFO - [2024-09-16T18:25:44.098+0000] {dagbag.py:541} INFO - Filling up the DagBag from /opt/airflow/dags/mysql_aggregation_dag.py
[2024-09-16T18:25:44.124+0000] {processor.py:836} INFO - DAG(s) dict_keys(['mysql_aggregation_dag']) retrieved from /opt/airflow/dags/mysql_aggregation_dag.py
[2024-09-16T18:25:44.159+0000] {logging_mixin.py:149} INFO - [2024-09-16T18:25:44.159+0000] {dag.py:2726} INFO - Sync 1 DAGs
[2024-09-16T18:25:44.190+0000] {logging_mixin.py:149} INFO - [2024-09-16T18:25:44.189+0000] {dag.py:3490} INFO - Setting next_dagrun for mysql_aggregation_dag to 2025-01-01T00:00:00+00:00, run_after=2025-01-02T00:00:00+00:00
[2024-09-16T18:25:44.215+0000] {processor.py:179} INFO - Processing /opt/airflow/dags/mysql_aggregation_dag.py took 0.124 seconds
[2024-09-16T18:26:14.339+0000] {processor.py:157} INFO - Started process (PID=309) to work on /opt/airflow/dags/mysql_aggregation_dag.py
[2024-09-16T18:26:14.340+0000] {processor.py:826} INFO - Processing file /opt/airflow/dags/mysql_aggregation_dag.py for tasks to queue
[2024-09-16T18:26:14.341+0000] {logging_mixin.py:149} INFO - [2024-09-16T18:26:14.341+0000] {dagbag.py:541} INFO - Filling up the DagBag from /opt/airflow/dags/mysql_aggregation_dag.py
[2024-09-16T18:26:14.363+0000] {processor.py:836} INFO - DAG(s) dict_keys(['mysql_aggregation_dag']) retrieved from /opt/airflow/dags/mysql_aggregation_dag.py
[2024-09-16T18:26:14.392+0000] {logging_mixin.py:149} INFO - [2024-09-16T18:26:14.392+0000] {dag.py:2726} INFO - Sync 1 DAGs
[2024-09-16T18:26:14.422+0000] {logging_mixin.py:149} INFO - [2024-09-16T18:26:14.422+0000] {dag.py:3490} INFO - Setting next_dagrun for mysql_aggregation_dag to 2025-01-01T00:00:00+00:00, run_after=2025-01-02T00:00:00+00:00
[2024-09-16T18:26:14.441+0000] {processor.py:179} INFO - Processing /opt/airflow/dags/mysql_aggregation_dag.py took 0.107 seconds
[2024-09-16T18:26:44.507+0000] {processor.py:157} INFO - Started process (PID=314) to work on /opt/airflow/dags/mysql_aggregation_dag.py
[2024-09-16T18:26:44.507+0000] {processor.py:826} INFO - Processing file /opt/airflow/dags/mysql_aggregation_dag.py for tasks to queue
[2024-09-16T18:26:44.508+0000] {logging_mixin.py:149} INFO - [2024-09-16T18:26:44.508+0000] {dagbag.py:541} INFO - Filling up the DagBag from /opt/airflow/dags/mysql_aggregation_dag.py
[2024-09-16T18:26:44.530+0000] {processor.py:836} INFO - DAG(s) dict_keys(['mysql_aggregation_dag']) retrieved from /opt/airflow/dags/mysql_aggregation_dag.py
[2024-09-16T18:26:44.562+0000] {logging_mixin.py:149} INFO - [2024-09-16T18:26:44.562+0000] {dag.py:2726} INFO - Sync 1 DAGs
[2024-09-16T18:26:44.591+0000] {logging_mixin.py:149} INFO - [2024-09-16T18:26:44.591+0000] {dag.py:3490} INFO - Setting next_dagrun for mysql_aggregation_dag to 2025-01-01T00:00:00+00:00, run_after=2025-01-02T00:00:00+00:00
[2024-09-16T18:26:44.609+0000] {processor.py:179} INFO - Processing /opt/airflow/dags/mysql_aggregation_dag.py took 0.107 seconds
[2024-09-16T18:27:14.694+0000] {processor.py:157} INFO - Started process (PID=319) to work on /opt/airflow/dags/mysql_aggregation_dag.py
[2024-09-16T18:27:14.695+0000] {processor.py:826} INFO - Processing file /opt/airflow/dags/mysql_aggregation_dag.py for tasks to queue
[2024-09-16T18:27:14.695+0000] {logging_mixin.py:149} INFO - [2024-09-16T18:27:14.695+0000] {dagbag.py:541} INFO - Filling up the DagBag from /opt/airflow/dags/mysql_aggregation_dag.py
[2024-09-16T18:27:14.718+0000] {processor.py:836} INFO - DAG(s) dict_keys(['mysql_aggregation_dag']) retrieved from /opt/airflow/dags/mysql_aggregation_dag.py
[2024-09-16T18:27:14.747+0000] {logging_mixin.py:149} INFO - [2024-09-16T18:27:14.747+0000] {dag.py:2726} INFO - Sync 1 DAGs
[2024-09-16T18:27:14.774+0000] {logging_mixin.py:149} INFO - [2024-09-16T18:27:14.774+0000] {dag.py:3490} INFO - Setting next_dagrun for mysql_aggregation_dag to 2025-01-01T00:00:00+00:00, run_after=2025-01-02T00:00:00+00:00
[2024-09-16T18:27:14.792+0000] {processor.py:179} INFO - Processing /opt/airflow/dags/mysql_aggregation_dag.py took 0.102 seconds
[2024-09-16T18:27:44.890+0000] {processor.py:157} INFO - Started process (PID=324) to work on /opt/airflow/dags/mysql_aggregation_dag.py
[2024-09-16T18:27:44.891+0000] {processor.py:826} INFO - Processing file /opt/airflow/dags/mysql_aggregation_dag.py for tasks to queue
[2024-09-16T18:27:44.891+0000] {logging_mixin.py:149} INFO - [2024-09-16T18:27:44.891+0000] {dagbag.py:541} INFO - Filling up the DagBag from /opt/airflow/dags/mysql_aggregation_dag.py
[2024-09-16T18:27:44.914+0000] {processor.py:836} INFO - DAG(s) dict_keys(['mysql_aggregation_dag']) retrieved from /opt/airflow/dags/mysql_aggregation_dag.py
[2024-09-16T18:27:44.944+0000] {logging_mixin.py:149} INFO - [2024-09-16T18:27:44.943+0000] {dag.py:2726} INFO - Sync 1 DAGs
[2024-09-16T18:27:44.974+0000] {logging_mixin.py:149} INFO - [2024-09-16T18:27:44.974+0000] {dag.py:3490} INFO - Setting next_dagrun for mysql_aggregation_dag to 2025-01-01T00:00:00+00:00, run_after=2025-01-02T00:00:00+00:00
[2024-09-16T18:27:44.992+0000] {processor.py:179} INFO - Processing /opt/airflow/dags/mysql_aggregation_dag.py took 0.107 seconds
[2024-09-16T18:28:15.075+0000] {processor.py:157} INFO - Started process (PID=329) to work on /opt/airflow/dags/mysql_aggregation_dag.py
[2024-09-16T18:28:15.076+0000] {processor.py:826} INFO - Processing file /opt/airflow/dags/mysql_aggregation_dag.py for tasks to queue
[2024-09-16T18:28:15.077+0000] {logging_mixin.py:149} INFO - [2024-09-16T18:28:15.077+0000] {dagbag.py:541} INFO - Filling up the DagBag from /opt/airflow/dags/mysql_aggregation_dag.py
[2024-09-16T18:28:15.100+0000] {processor.py:836} INFO - DAG(s) dict_keys(['mysql_aggregation_dag']) retrieved from /opt/airflow/dags/mysql_aggregation_dag.py
[2024-09-16T18:28:15.135+0000] {logging_mixin.py:149} INFO - [2024-09-16T18:28:15.134+0000] {dag.py:2726} INFO - Sync 1 DAGs
[2024-09-16T18:28:15.168+0000] {logging_mixin.py:149} INFO - [2024-09-16T18:28:15.168+0000] {dag.py:3490} INFO - Setting next_dagrun for mysql_aggregation_dag to 2025-01-01T00:00:00+00:00, run_after=2025-01-02T00:00:00+00:00
[2024-09-16T18:28:15.198+0000] {processor.py:179} INFO - Processing /opt/airflow/dags/mysql_aggregation_dag.py took 0.126 seconds
[2024-09-16T18:28:45.317+0000] {processor.py:157} INFO - Started process (PID=334) to work on /opt/airflow/dags/mysql_aggregation_dag.py
[2024-09-16T18:28:45.319+0000] {processor.py:826} INFO - Processing file /opt/airflow/dags/mysql_aggregation_dag.py for tasks to queue
[2024-09-16T18:28:45.320+0000] {logging_mixin.py:149} INFO - [2024-09-16T18:28:45.319+0000] {dagbag.py:541} INFO - Filling up the DagBag from /opt/airflow/dags/mysql_aggregation_dag.py
[2024-09-16T18:28:45.350+0000] {processor.py:836} INFO - DAG(s) dict_keys(['mysql_aggregation_dag']) retrieved from /opt/airflow/dags/mysql_aggregation_dag.py
[2024-09-16T18:28:45.390+0000] {logging_mixin.py:149} INFO - [2024-09-16T18:28:45.390+0000] {dag.py:2726} INFO - Sync 1 DAGs
[2024-09-16T18:28:45.436+0000] {logging_mixin.py:149} INFO - [2024-09-16T18:28:45.436+0000] {dag.py:3490} INFO - Setting next_dagrun for mysql_aggregation_dag to 2025-01-01T00:00:00+00:00, run_after=2025-01-02T00:00:00+00:00
[2024-09-16T18:28:45.466+0000] {processor.py:179} INFO - Processing /opt/airflow/dags/mysql_aggregation_dag.py took 0.154 seconds
[2024-09-16T18:29:15.522+0000] {processor.py:157} INFO - Started process (PID=339) to work on /opt/airflow/dags/mysql_aggregation_dag.py
[2024-09-16T18:29:15.525+0000] {processor.py:826} INFO - Processing file /opt/airflow/dags/mysql_aggregation_dag.py for tasks to queue
[2024-09-16T18:29:15.526+0000] {logging_mixin.py:149} INFO - [2024-09-16T18:29:15.526+0000] {dagbag.py:541} INFO - Filling up the DagBag from /opt/airflow/dags/mysql_aggregation_dag.py
[2024-09-16T18:29:15.557+0000] {processor.py:836} INFO - DAG(s) dict_keys(['mysql_aggregation_dag']) retrieved from /opt/airflow/dags/mysql_aggregation_dag.py
[2024-09-16T18:29:15.601+0000] {logging_mixin.py:149} INFO - [2024-09-16T18:29:15.601+0000] {dag.py:2726} INFO - Sync 1 DAGs
[2024-09-16T18:29:15.635+0000] {logging_mixin.py:149} INFO - [2024-09-16T18:29:15.634+0000] {dag.py:3490} INFO - Setting next_dagrun for mysql_aggregation_dag to 2025-01-01T00:00:00+00:00, run_after=2025-01-02T00:00:00+00:00
[2024-09-16T18:29:15.661+0000] {processor.py:179} INFO - Processing /opt/airflow/dags/mysql_aggregation_dag.py took 0.143 seconds
[2024-09-16T18:29:45.768+0000] {processor.py:157} INFO - Started process (PID=344) to work on /opt/airflow/dags/mysql_aggregation_dag.py
[2024-09-16T18:29:45.769+0000] {processor.py:826} INFO - Processing file /opt/airflow/dags/mysql_aggregation_dag.py for tasks to queue
[2024-09-16T18:29:45.769+0000] {logging_mixin.py:149} INFO - [2024-09-16T18:29:45.769+0000] {dagbag.py:541} INFO - Filling up the DagBag from /opt/airflow/dags/mysql_aggregation_dag.py
[2024-09-16T18:29:45.796+0000] {processor.py:836} INFO - DAG(s) dict_keys(['mysql_aggregation_dag']) retrieved from /opt/airflow/dags/mysql_aggregation_dag.py
[2024-09-16T18:29:45.825+0000] {logging_mixin.py:149} INFO - [2024-09-16T18:29:45.825+0000] {dag.py:2726} INFO - Sync 1 DAGs
[2024-09-16T18:29:45.855+0000] {logging_mixin.py:149} INFO - [2024-09-16T18:29:45.855+0000] {dag.py:3490} INFO - Setting next_dagrun for mysql_aggregation_dag to 2025-01-01T00:00:00+00:00, run_after=2025-01-02T00:00:00+00:00
[2024-09-16T18:29:45.876+0000] {processor.py:179} INFO - Processing /opt/airflow/dags/mysql_aggregation_dag.py took 0.112 seconds
[2024-09-16T18:30:15.919+0000] {processor.py:157} INFO - Started process (PID=349) to work on /opt/airflow/dags/mysql_aggregation_dag.py
[2024-09-16T18:30:15.920+0000] {processor.py:826} INFO - Processing file /opt/airflow/dags/mysql_aggregation_dag.py for tasks to queue
[2024-09-16T18:30:15.920+0000] {logging_mixin.py:149} INFO - [2024-09-16T18:30:15.920+0000] {dagbag.py:541} INFO - Filling up the DagBag from /opt/airflow/dags/mysql_aggregation_dag.py
[2024-09-16T18:30:15.942+0000] {processor.py:836} INFO - DAG(s) dict_keys(['mysql_aggregation_dag']) retrieved from /opt/airflow/dags/mysql_aggregation_dag.py
[2024-09-16T18:30:15.971+0000] {logging_mixin.py:149} INFO - [2024-09-16T18:30:15.971+0000] {dag.py:2726} INFO - Sync 1 DAGs
[2024-09-16T18:30:15.998+0000] {logging_mixin.py:149} INFO - [2024-09-16T18:30:15.997+0000] {dag.py:3490} INFO - Setting next_dagrun for mysql_aggregation_dag to 2025-01-01T00:00:00+00:00, run_after=2025-01-02T00:00:00+00:00
[2024-09-16T18:30:16.015+0000] {processor.py:179} INFO - Processing /opt/airflow/dags/mysql_aggregation_dag.py took 0.100 seconds
[2024-09-16T18:30:46.172+0000] {processor.py:157} INFO - Started process (PID=354) to work on /opt/airflow/dags/mysql_aggregation_dag.py
[2024-09-16T18:30:46.172+0000] {processor.py:826} INFO - Processing file /opt/airflow/dags/mysql_aggregation_dag.py for tasks to queue
[2024-09-16T18:30:46.173+0000] {logging_mixin.py:149} INFO - [2024-09-16T18:30:46.173+0000] {dagbag.py:541} INFO - Filling up the DagBag from /opt/airflow/dags/mysql_aggregation_dag.py
[2024-09-16T18:30:46.197+0000] {processor.py:836} INFO - DAG(s) dict_keys(['mysql_aggregation_dag']) retrieved from /opt/airflow/dags/mysql_aggregation_dag.py
[2024-09-16T18:30:46.226+0000] {logging_mixin.py:149} INFO - [2024-09-16T18:30:46.226+0000] {dag.py:2726} INFO - Sync 1 DAGs
[2024-09-16T18:30:46.258+0000] {logging_mixin.py:149} INFO - [2024-09-16T18:30:46.257+0000] {dag.py:3490} INFO - Setting next_dagrun for mysql_aggregation_dag to 2025-01-01T00:00:00+00:00, run_after=2025-01-02T00:00:00+00:00
[2024-09-16T18:30:46.278+0000] {processor.py:179} INFO - Processing /opt/airflow/dags/mysql_aggregation_dag.py took 0.110 seconds
[2024-09-16T18:31:16.318+0000] {processor.py:157} INFO - Started process (PID=359) to work on /opt/airflow/dags/mysql_aggregation_dag.py
[2024-09-16T18:31:16.319+0000] {processor.py:826} INFO - Processing file /opt/airflow/dags/mysql_aggregation_dag.py for tasks to queue
[2024-09-16T18:31:16.320+0000] {logging_mixin.py:149} INFO - [2024-09-16T18:31:16.320+0000] {dagbag.py:541} INFO - Filling up the DagBag from /opt/airflow/dags/mysql_aggregation_dag.py
[2024-09-16T18:31:16.341+0000] {processor.py:836} INFO - DAG(s) dict_keys(['mysql_aggregation_dag']) retrieved from /opt/airflow/dags/mysql_aggregation_dag.py
[2024-09-16T18:31:16.370+0000] {logging_mixin.py:149} INFO - [2024-09-16T18:31:16.370+0000] {dag.py:2726} INFO - Sync 1 DAGs
[2024-09-16T18:31:16.397+0000] {logging_mixin.py:149} INFO - [2024-09-16T18:31:16.397+0000] {dag.py:3490} INFO - Setting next_dagrun for mysql_aggregation_dag to 2025-01-01T00:00:00+00:00, run_after=2025-01-02T00:00:00+00:00
[2024-09-16T18:31:16.418+0000] {processor.py:179} INFO - Processing /opt/airflow/dags/mysql_aggregation_dag.py took 0.104 seconds
[2024-09-16T18:31:46.571+0000] {processor.py:157} INFO - Started process (PID=364) to work on /opt/airflow/dags/mysql_aggregation_dag.py
[2024-09-16T18:31:46.572+0000] {processor.py:826} INFO - Processing file /opt/airflow/dags/mysql_aggregation_dag.py for tasks to queue
[2024-09-16T18:31:46.573+0000] {logging_mixin.py:149} INFO - [2024-09-16T18:31:46.573+0000] {dagbag.py:541} INFO - Filling up the DagBag from /opt/airflow/dags/mysql_aggregation_dag.py
[2024-09-16T18:31:46.594+0000] {processor.py:836} INFO - DAG(s) dict_keys(['mysql_aggregation_dag']) retrieved from /opt/airflow/dags/mysql_aggregation_dag.py
[2024-09-16T18:31:46.623+0000] {logging_mixin.py:149} INFO - [2024-09-16T18:31:46.623+0000] {dag.py:2726} INFO - Sync 1 DAGs
[2024-09-16T18:31:46.648+0000] {logging_mixin.py:149} INFO - [2024-09-16T18:31:46.648+0000] {dag.py:3490} INFO - Setting next_dagrun for mysql_aggregation_dag to 2025-01-01T00:00:00+00:00, run_after=2025-01-02T00:00:00+00:00
[2024-09-16T18:31:46.665+0000] {processor.py:179} INFO - Processing /opt/airflow/dags/mysql_aggregation_dag.py took 0.097 seconds
[2024-09-16T18:32:16.719+0000] {processor.py:157} INFO - Started process (PID=369) to work on /opt/airflow/dags/mysql_aggregation_dag.py
[2024-09-16T18:32:16.720+0000] {processor.py:826} INFO - Processing file /opt/airflow/dags/mysql_aggregation_dag.py for tasks to queue
[2024-09-16T18:32:16.721+0000] {logging_mixin.py:149} INFO - [2024-09-16T18:32:16.721+0000] {dagbag.py:541} INFO - Filling up the DagBag from /opt/airflow/dags/mysql_aggregation_dag.py
[2024-09-16T18:32:16.743+0000] {processor.py:836} INFO - DAG(s) dict_keys(['mysql_aggregation_dag']) retrieved from /opt/airflow/dags/mysql_aggregation_dag.py
[2024-09-16T18:32:16.774+0000] {logging_mixin.py:149} INFO - [2024-09-16T18:32:16.774+0000] {dag.py:2726} INFO - Sync 1 DAGs
[2024-09-16T18:32:16.803+0000] {logging_mixin.py:149} INFO - [2024-09-16T18:32:16.803+0000] {dag.py:3490} INFO - Setting next_dagrun for mysql_aggregation_dag to 2025-01-01T00:00:00+00:00, run_after=2025-01-02T00:00:00+00:00
[2024-09-16T18:32:16.823+0000] {processor.py:179} INFO - Processing /opt/airflow/dags/mysql_aggregation_dag.py took 0.107 seconds
[2024-09-16T18:32:46.931+0000] {processor.py:157} INFO - Started process (PID=374) to work on /opt/airflow/dags/mysql_aggregation_dag.py
[2024-09-16T18:32:46.932+0000] {processor.py:826} INFO - Processing file /opt/airflow/dags/mysql_aggregation_dag.py for tasks to queue
[2024-09-16T18:32:46.933+0000] {logging_mixin.py:149} INFO - [2024-09-16T18:32:46.933+0000] {dagbag.py:541} INFO - Filling up the DagBag from /opt/airflow/dags/mysql_aggregation_dag.py
[2024-09-16T18:32:46.956+0000] {processor.py:836} INFO - DAG(s) dict_keys(['mysql_aggregation_dag']) retrieved from /opt/airflow/dags/mysql_aggregation_dag.py
[2024-09-16T18:32:46.986+0000] {logging_mixin.py:149} INFO - [2024-09-16T18:32:46.986+0000] {dag.py:2726} INFO - Sync 1 DAGs
[2024-09-16T18:32:47.013+0000] {logging_mixin.py:149} INFO - [2024-09-16T18:32:47.012+0000] {dag.py:3490} INFO - Setting next_dagrun for mysql_aggregation_dag to 2025-01-01T00:00:00+00:00, run_after=2025-01-02T00:00:00+00:00
[2024-09-16T18:32:47.030+0000] {processor.py:179} INFO - Processing /opt/airflow/dags/mysql_aggregation_dag.py took 0.103 seconds
[2024-09-16T18:33:17.096+0000] {processor.py:157} INFO - Started process (PID=379) to work on /opt/airflow/dags/mysql_aggregation_dag.py
[2024-09-16T18:33:17.097+0000] {processor.py:826} INFO - Processing file /opt/airflow/dags/mysql_aggregation_dag.py for tasks to queue
[2024-09-16T18:33:17.097+0000] {logging_mixin.py:149} INFO - [2024-09-16T18:33:17.097+0000] {dagbag.py:541} INFO - Filling up the DagBag from /opt/airflow/dags/mysql_aggregation_dag.py
[2024-09-16T18:33:17.122+0000] {processor.py:836} INFO - DAG(s) dict_keys(['mysql_aggregation_dag']) retrieved from /opt/airflow/dags/mysql_aggregation_dag.py
[2024-09-16T18:33:17.150+0000] {logging_mixin.py:149} INFO - [2024-09-16T18:33:17.150+0000] {dag.py:2726} INFO - Sync 1 DAGs
[2024-09-16T18:33:17.179+0000] {logging_mixin.py:149} INFO - [2024-09-16T18:33:17.179+0000] {dag.py:3490} INFO - Setting next_dagrun for mysql_aggregation_dag to 2025-01-01T00:00:00+00:00, run_after=2025-01-02T00:00:00+00:00
[2024-09-16T18:33:17.198+0000] {processor.py:179} INFO - Processing /opt/airflow/dags/mysql_aggregation_dag.py took 0.106 seconds
[2024-09-16T18:33:47.314+0000] {processor.py:157} INFO - Started process (PID=384) to work on /opt/airflow/dags/mysql_aggregation_dag.py
[2024-09-16T18:33:47.315+0000] {processor.py:826} INFO - Processing file /opt/airflow/dags/mysql_aggregation_dag.py for tasks to queue
[2024-09-16T18:33:47.316+0000] {logging_mixin.py:149} INFO - [2024-09-16T18:33:47.316+0000] {dagbag.py:541} INFO - Filling up the DagBag from /opt/airflow/dags/mysql_aggregation_dag.py
[2024-09-16T18:33:47.338+0000] {processor.py:836} INFO - DAG(s) dict_keys(['mysql_aggregation_dag']) retrieved from /opt/airflow/dags/mysql_aggregation_dag.py
[2024-09-16T18:33:47.364+0000] {logging_mixin.py:149} INFO - [2024-09-16T18:33:47.364+0000] {dag.py:2726} INFO - Sync 1 DAGs
[2024-09-16T18:33:47.393+0000] {logging_mixin.py:149} INFO - [2024-09-16T18:33:47.393+0000] {dag.py:3490} INFO - Setting next_dagrun for mysql_aggregation_dag to 2025-01-01T00:00:00+00:00, run_after=2025-01-02T00:00:00+00:00
[2024-09-16T18:33:47.412+0000] {processor.py:179} INFO - Processing /opt/airflow/dags/mysql_aggregation_dag.py took 0.100 seconds
[2024-09-16T18:34:17.466+0000] {processor.py:157} INFO - Started process (PID=389) to work on /opt/airflow/dags/mysql_aggregation_dag.py
[2024-09-16T18:34:17.468+0000] {processor.py:826} INFO - Processing file /opt/airflow/dags/mysql_aggregation_dag.py for tasks to queue
[2024-09-16T18:34:17.469+0000] {logging_mixin.py:149} INFO - [2024-09-16T18:34:17.469+0000] {dagbag.py:541} INFO - Filling up the DagBag from /opt/airflow/dags/mysql_aggregation_dag.py
[2024-09-16T18:34:17.491+0000] {processor.py:836} INFO - DAG(s) dict_keys(['mysql_aggregation_dag']) retrieved from /opt/airflow/dags/mysql_aggregation_dag.py
[2024-09-16T18:34:17.520+0000] {logging_mixin.py:149} INFO - [2024-09-16T18:34:17.520+0000] {dag.py:2726} INFO - Sync 1 DAGs
[2024-09-16T18:34:17.545+0000] {logging_mixin.py:149} INFO - [2024-09-16T18:34:17.545+0000] {dag.py:3490} INFO - Setting next_dagrun for mysql_aggregation_dag to 2025-01-01T00:00:00+00:00, run_after=2025-01-02T00:00:00+00:00
[2024-09-16T18:34:17.566+0000] {processor.py:179} INFO - Processing /opt/airflow/dags/mysql_aggregation_dag.py took 0.103 seconds
